This is pdfTeX, Version 3.141592653-2.6-1.40.22 (MiKTeX 21.6) (preloaded format=pdflatex 2021.6.16)  15 AUG 2022 13:09
entering extended mode
**"./Graphical and numerical diagnostic tools to assess multiple imputation mod
els by posterior predictive checking.tex"

(Graphical and numerical diagnostic tools to assess multiple imputation models 
by posterior predictive checking.tex
LaTeX2e <2021-06-01>
L3 programming layer <2021-06-01>
(C:\Users\mingyang\AppData\Local\Programs\MiKTeX\tex/latex/base\article.cls
Document Class: article 2021/02/12 v1.4n Standard LaTeX document class
(C:\Users\mingyang\AppData\Local\Programs\MiKTeX\tex/latex/base\size12.clo
File: size12.clo 2021/02/12 v1.4n Standard LaTeX file (size option)
)
\c@part=\count182
\c@section=\count183
\c@subsection=\count184
\c@subsubsection=\count185
\c@paragraph=\count186
\c@subparagraph=\count187
\c@figure=\count188
\c@table=\count189
\abovecaptionskip=\skip47
\belowcaptionskip=\skip48
\bibindent=\dimen138
)
(C:\Users\mingyang\AppData\Local\Programs\MiKTeX\tex/latex/graphics\graphicx.st
y
Package: graphicx 2020/12/05 v1.2c Enhanced LaTeX Graphics (DPC,SPQR)

(C:\Users\mingyang\AppData\Local\Programs\MiKTeX\tex/latex/graphics\keyval.sty
Package: keyval 2014/10/28 v1.15 key=value parser (DPC)
\KV@toks@=\toks16
)
(C:\Users\mingyang\AppData\Local\Programs\MiKTeX\tex/latex/graphics\graphics.st
y
Package: graphics 2021/03/04 v1.4d Standard LaTeX Graphics (DPC,SPQR)
 (C:\Users\mingyang\AppData\Local\Programs\MiKTeX\tex/latex/graphics\trig.sty
Package: trig 2016/01/03 v1.10 sin cos tan (DPC)
)
(C:\Users\mingyang\AppData\Local\Programs\MiKTeX\tex/latex/graphics-cfg\graphic
s.cfg
File: graphics.cfg 2016/06/04 v1.11 sample graphics configuration
)
Package graphics Info: Driver file: pdftex.def on input line 107.

(C:\Users\mingyang\AppData\Local\Programs\MiKTeX\tex/latex/graphics-def\pdftex.
def
File: pdftex.def 2020/10/05 v1.2a Graphics/color driver for pdftex
))
\Gin@req@height=\dimen139
\Gin@req@width=\dimen140
)
(C:\Users\mingyang\AppData\Local\Programs\MiKTeX\tex/latex/base\latexsym.sty
Package: latexsym 1998/08/17 v2.2e Standard LaTeX package (lasy symbols)
\symlasy=\mathgroup4
LaTeX Font Info:    Overwriting symbol font `lasy' in version `bold'
(Font)                  U/lasy/m/n --> U/lasy/b/n on input line 52.
)
(C:\Users\mingyang\AppData\Local\Programs\MiKTeX\tex/latex/setspace\setspace.st
y
Package: setspace 2011/12/19 v6.7a set line spacing
)
(C:\Users\mingyang\AppData\Local\Programs\MiKTeX\tex/latex/subfigure\subfigure.
sty
Package: subfigure 2002/07/30 v2.1.4 subfigure package
\subfigtopskip=\skip49
\subfigcapskip=\skip50
\subfigcaptopadj=\dimen141
\subfigbottomskip=\skip51
\subfigcapmargin=\dimen142
\subfiglabelskip=\skip52
\c@subfigure=\count190
\c@lofdepth=\count191
\c@subtable=\count192
\c@lotdepth=\count193

****************************************
* Local config file subfigure.cfg used *
****************************************

(C:\Users\mingyang\AppData\Local\Programs\MiKTeX\tex/latex/subfigure\subfigure.
cfg)
\subfig@top=\skip53
\subfig@bottom=\skip54
)
(C:\Users\mingyang\AppData\Local\Programs\MiKTeX\tex/latex/apacite\apacite.sty
Package: apacite 2013/07/21 v6.03 APA citation
\c@BibCnt=\count194
\bibleftmargin=\skip55
\bibindent=\skip56
\bibparsep=\skip57
\bibitemsep=\skip58
\biblabelsep=\skip59
)
(C:\Users\mingyang\AppData\Local\Programs\MiKTeX\tex/latex/amsfonts\amssymb.sty
Package: amssymb 2013/01/14 v3.01 AMS font symbols

(C:\Users\mingyang\AppData\Local\Programs\MiKTeX\tex/latex/amsfonts\amsfonts.st
y
Package: amsfonts 2013/01/14 v3.01 Basic AMSFonts support
\@emptytoks=\toks17
\symAMSa=\mathgroup5
\symAMSb=\mathgroup6
LaTeX Font Info:    Redeclaring math symbol \hbar on input line 98.
LaTeX Font Info:    Overwriting math alphabet `\mathfrak' in version `bold'
(Font)                  U/euf/m/n --> U/euf/b/n on input line 106.
))
(C:\Users\mingyang\AppData\Local\Programs\MiKTeX\tex/latex/amsmath\amsmath.sty
Package: amsmath 2021/04/20 v2.17j AMS math features
\@mathmargin=\skip60

For additional information on amsmath, use the `?' option.
(C:\Users\mingyang\AppData\Local\Programs\MiKTeX\tex/latex/amsmath\amstext.sty
Package: amstext 2000/06/29 v2.01 AMS text

(C:\Users\mingyang\AppData\Local\Programs\MiKTeX\tex/latex/amsmath\amsgen.sty
File: amsgen.sty 1999/11/30 v2.0 generic functions
\@emptytoks=\toks18
\ex@=\dimen143
)) (C:\Users\mingyang\AppData\Local\Programs\MiKTeX\tex/latex/amsmath\amsbsy.st
y
Package: amsbsy 1999/11/29 v1.2d Bold Symbols
\pmbraise@=\dimen144
) (C:\Users\mingyang\AppData\Local\Programs\MiKTeX\tex/latex/amsmath\amsopn.sty
Package: amsopn 2016/03/08 v2.02 operator names
)
\inf@bad=\count195
LaTeX Info: Redefining \frac on input line 234.
\uproot@=\count196
\leftroot@=\count197
LaTeX Info: Redefining \overline on input line 399.
\classnum@=\count198
\DOTSCASE@=\count199
LaTeX Info: Redefining \ldots on input line 496.
LaTeX Info: Redefining \dots on input line 499.
LaTeX Info: Redefining \cdots on input line 620.
\Mathstrutbox@=\box50
\strutbox@=\box51
\big@size=\dimen145
LaTeX Font Info:    Redeclaring font encoding OML on input line 743.
LaTeX Font Info:    Redeclaring font encoding OMS on input line 744.
\macc@depth=\count266
\c@MaxMatrixCols=\count267
\dotsspace@=\muskip16
\c@parentequation=\count268
\dspbrk@lvl=\count269
\tag@help=\toks19
\row@=\count270
\column@=\count271
\maxfields@=\count272
\andhelp@=\toks20
\eqnshift@=\dimen146
\alignsep@=\dimen147
\tagshift@=\dimen148
\tagwidth@=\dimen149
\totwidth@=\dimen150
\lineht@=\dimen151
\@envbody=\toks21
\multlinegap=\skip61
\multlinetaggap=\skip62
\mathdisplay@stack=\toks22
LaTeX Info: Redefining \[ on input line 2923.
LaTeX Info: Redefining \] on input line 2924.
) (C:\Users\mingyang\AppData\Local\Programs\MiKTeX\tex/latex/amscls\amsthm.sty
Package: amsthm 2020/05/29 v2.20.6
\thm@style=\toks23
\thm@bodyfont=\toks24
\thm@headfont=\toks25
\thm@notefont=\toks26
\thm@headpunct=\toks27
\thm@preskip=\skip63
\thm@postskip=\skip64
\thm@headsep=\skip65
\dth@everypar=\toks28
) (C:\Users\mingyang\AppData\Local\Programs\MiKTeX\tex/latex/tools\bm.sty
Package: bm 2021/04/25 v1.2e Bold Symbol Support (DPC/FMi)
\symboldoperators=\mathgroup7
\symboldletters=\mathgroup8
\symboldsymbols=\mathgroup9
Package bm Info: No bold for \OMX/cmex/m/n, using \pmb.
\symboldlasy=\mathgroup10
Package bm Info: No bold for \U/msa/m/n, using \pmb.
Package bm Info: No bold for \U/msb/m/n, using \pmb.
LaTeX Font Info:    Redeclaring math alphabet \mathbf on input line 149.
)
(C:\Users\mingyang\AppData\Local\Programs\MiKTeX\tex/latex/epstopdf-pkg\epstopd
f.sty
Package: epstopdf 2020-01-24 v2.11 Conversion with epstopdf on the fly (HO)

(C:\Users\mingyang\AppData\Local\Programs\MiKTeX\tex/generic/infwarerr\infwarer
r.sty
Package: infwarerr 2019/12/03 v1.5 Providing info/warning/error messages (HO)
)
(C:\Users\mingyang\AppData\Local\Programs\MiKTeX\tex/latex/grfext\grfext.sty
Package: grfext 2019/12/03 v1.3 Manage graphics extensions (HO)

(C:\Users\mingyang\AppData\Local\Programs\MiKTeX\tex/generic/kvdefinekeys\kvdef
inekeys.sty
Package: kvdefinekeys 2019-12-19 v1.6 Define keys (HO)
))
(C:\Users\mingyang\AppData\Local\Programs\MiKTeX\tex/latex/kvoptions\kvoptions.
sty
Package: kvoptions 2020-10-07 v3.14 Key value format for package options (HO)

(C:\Users\mingyang\AppData\Local\Programs\MiKTeX\tex/generic/ltxcmds\ltxcmds.st
y
Package: ltxcmds 2020-05-10 v1.25 LaTeX kernel commands for general use (HO)
)
(C:\Users\mingyang\AppData\Local\Programs\MiKTeX\tex/generic/kvsetkeys\kvsetkey
s.sty
Package: kvsetkeys 2019/12/15 v1.18 Key value parser (HO)
))
(C:\Users\mingyang\AppData\Local\Programs\MiKTeX\tex/generic/pdftexcmds\pdftexc
mds.sty
Package: pdftexcmds 2020-06-27 v0.33 Utility functions of pdfTeX for LuaTeX (HO
)

(C:\Users\mingyang\AppData\Local\Programs\MiKTeX\tex/generic/iftex\iftex.sty
Package: iftex 2020/03/06 v1.0d TeX engine tests
)
Package pdftexcmds Info: \pdf@primitive is available.
Package pdftexcmds Info: \pdf@ifprimitive is available.
Package pdftexcmds Info: \pdfdraftmode found.
)
(C:\Users\mingyang\AppData\Local\Programs\MiKTeX\tex/latex/epstopdf-pkg\epstopd
f-base.sty
Package: epstopdf-base 2020-01-24 v2.11 Base part for package epstopdf
Package epstopdf-base Info: Redefining graphics rule for `.eps' on input line 4
85.
Package grfext Info: Graphics extension search list:
(grfext)             [.pdf,.png,.jpg,.mps,.jpeg,.jbig2,.jb2,.PDF,.PNG,.JPG,.JPE
G,.JBIG2,.JB2,.eps]
(grfext)             \AppendGraphicsExtensions on input line 504.

(C:\Users\mingyang\AppData\Local\Programs\MiKTeX\tex/latex/00miktex\epstopdf-sy
s.cfg
File: epstopdf-sys.cfg 2021/03/18 v2.0 Configuration of epstopdf for MiKTeX
)))
(C:\Users\mingyang\AppData\Local\Programs\MiKTeX\tex/latex/graphics\rotating.st
y
Package: rotating 2016/08/11 v2.16d rotated objects in LaTeX
 (C:\Users\mingyang\AppData\Local\Programs\MiKTeX\tex/latex/base\ifthen.sty
Package: ifthen 2020/11/24 v1.1c Standard LaTeX ifthen package (DPC)
)
\c@r@tfl@t=\count273
\rotFPtop=\skip66
\rotFPbot=\skip67
\rot@float@box=\box52
\rot@mess@toks=\toks29
)
(C:\Users\mingyang\AppData\Local\Programs\MiKTeX\tex/latex/booktabs\booktabs.st
y
Package: booktabs 2020/01/12 v1.61803398 Publication quality tables
\heavyrulewidth=\dimen152
\lightrulewidth=\dimen153
\cmidrulewidth=\dimen154
\belowrulesep=\dimen155
\belowbottomsep=\dimen156
\aboverulesep=\dimen157
\abovetopsep=\dimen158
\cmidrulesep=\dimen159
\cmidrulekern=\dimen160
\defaultaddspace=\dimen161
\@cmidla=\count274
\@cmidlb=\count275
\@aboverulesep=\dimen162
\@belowrulesep=\dimen163
\@thisruleclass=\count276
\@lastruleclass=\count277
\@thisrulewidth=\dimen164
)
(C:\Users\mingyang\AppData\Local\Programs\MiKTeX\tex/latex/multirow\multirow.st
y
Package: multirow 2021/03/15 v2.8 Span multiple rows of a table
\multirow@colwidth=\skip68
\multirow@cntb=\count278
\multirow@dima=\skip69
\bigstrutjot=\dimen165
) (C:\Users\mingyang\AppData\Local\Programs\MiKTeX\tex/latex/psnfss\pifont.sty
Package: pifont 2020/03/25 PSNFSS-v9.3 Pi font support (SPQR) 
LaTeX Font Info:    Trying to load font information for U+pzd on input line 63.

(C:\Users\mingyang\AppData\Local\Programs\MiKTeX\tex/latex/psnfss\upzd.fd
File: upzd.fd 2001/06/04 font definitions for U/pzd.
)
LaTeX Font Info:    Trying to load font information for U+psy on input line 64.


(C:\Users\mingyang\AppData\Local\Programs\MiKTeX\tex/latex/psnfss\upsy.fd
File: upsy.fd 2001/06/04 font definitions for U/psy.
))
(C:\Users\mingyang\AppData\Local\Programs\MiKTeX\tex/latex/listings\listings.st
y
\lst@mode=\count279
\lst@gtempboxa=\box53
\lst@token=\toks30
\lst@length=\count280
\lst@currlwidth=\dimen166
\lst@column=\count281
\lst@pos=\count282
\lst@lostspace=\dimen167
\lst@width=\dimen168
\lst@newlines=\count283
\lst@lineno=\count284
\lst@maxwidth=\dimen169

(C:\Users\mingyang\AppData\Local\Programs\MiKTeX\tex/latex/listings\lstmisc.sty
File: lstmisc.sty 2020/03/24 1.8d (Carsten Heinz)
\c@lstnumber=\count285
\lst@skipnumbers=\count286
\lst@framebox=\box54
)
(C:\Users\mingyang\AppData\Local\Programs\MiKTeX\tex/latex/listings\listings.cf
g
File: listings.cfg 2020/03/24 1.8d listings configuration
))
Package: listings 2020/03/24 1.8d (Carsten Heinz)

(C:\Users\mingyang\AppData\Local\Programs\MiKTeX\tex/latex/xcolor\xcolor.sty
Package: xcolor 2016/05/11 v2.12 LaTeX color extensions (UK)

(C:\Users\mingyang\AppData\Local\Programs\MiKTeX\tex/latex/graphics-cfg\color.c
fg
File: color.cfg 2016/01/02 v1.6 sample color configuration
)
Package xcolor Info: Driver file: pdftex.def on input line 225.
Package xcolor Info: Model `cmy' substituted by `cmy0' on input line 1348.
Package xcolor Info: Model `hsb' substituted by `rgb' on input line 1352.
Package xcolor Info: Model `RGB' extended on input line 1364.
Package xcolor Info: Model `HTML' substituted by `rgb' on input line 1366.
Package xcolor Info: Model `Hsb' substituted by `hsb' on input line 1367.
Package xcolor Info: Model `tHsb' substituted by `hsb' on input line 1368.
Package xcolor Info: Model `HSB' substituted by `hsb' on input line 1369.
Package xcolor Info: Model `Gray' substituted by `gray' on input line 1370.
Package xcolor Info: Model `wave' substituted by `hsb' on input line 1371.

(C:\Users\mingyang\AppData\Local\Programs\MiKTeX\tex/latex/xcolor\svgnam.def
File: svgnam.def 2016/05/11 v2.12 Predefined colors according to SVG 1.1 (UK)
))
(C:\Users\mingyang\AppData\Local\Programs\MiKTeX\tex/latex/listings\lstlang1.st
y
File: lstlang1.sty 2020/03/24 1.8d listings language file
)
(C:\Users\mingyang\AppData\Local\Programs\MiKTeX\tex/latex/listings\lstlang2.st
y
File: lstlang2.sty 2020/03/24 1.8d listings language file
)
(C:\Users\mingyang\AppData\Local\Programs\MiKTeX\tex/latex/listings\lstlang3.st
y
File: lstlang3.sty 2020/03/24 1.8d listings language file
)
(C:\Users\mingyang\AppData\Local\Programs\MiKTeX\tex/latex/l3backend\l3backend-
pdftex.def
File: l3backend-pdftex.def 2021-05-07 L3 backend support: PDF output (pdfTeX)
\l__color_backend_stack_int=\count287
\l__pdf_internal_box=\box55
)

LaTeX Warning: Unused global option(s):
    [fullpage].


(Graphical and numerical diagnostic tools to assess multiple imputation models 
by posterior predictive checking.aux

LaTeX Warning: Label `boxplot:a' multiply defined.


LaTeX Warning: Label `sub@boxplot:a' multiply defined.


LaTeX Warning: Label `boxplot:b' multiply defined.


LaTeX Warning: Label `sub@boxplot:b' multiply defined.


LaTeX Warning: Label `boxplot:a' multiply defined.


LaTeX Warning: Label `sub@boxplot:a' multiply defined.


LaTeX Warning: Label `boxplot:b' multiply defined.


LaTeX Warning: Label `sub@boxplot:b' multiply defined.


LaTeX Warning: Label `boxplot:a' multiply defined.


LaTeX Warning: Label `sub@boxplot:a' multiply defined.


LaTeX Warning: Label `boxplot:b' multiply defined.


LaTeX Warning: Label `sub@boxplot:b' multiply defined.


LaTeX Warning: Label `boxplot:b' multiply defined.


LaTeX Warning: Label `sub@boxplot:b' multiply defined.


LaTeX Warning: Label `boxplot:a' multiply defined.


LaTeX Warning: Label `sub@boxplot:a' multiply defined.


LaTeX Warning: Label `boxplot:b' multiply defined.


LaTeX Warning: Label `sub@boxplot:b' multiply defined.


LaTeX Warning: Label `boxplot:b' multiply defined.


LaTeX Warning: Label `sub@boxplot:b' multiply defined.


LaTeX Warning: Label `boxplot:a' multiply defined.


LaTeX Warning: Label `sub@boxplot:a' multiply defined.


LaTeX Warning: Label `boxplot:b' multiply defined.


LaTeX Warning: Label `sub@boxplot:b' multiply defined.


LaTeX Warning: Label `boxplot:b' multiply defined.


LaTeX Warning: Label `sub@boxplot:b' multiply defined.


LaTeX Warning: Label `boxplot:a' multiply defined.


LaTeX Warning: Label `sub@boxplot:a' multiply defined.


LaTeX Warning: Label `boxplot:b' multiply defined.


LaTeX Warning: Label `sub@boxplot:b' multiply defined.

)
\openout1 = `"Graphical and numerical diagnostic tools to assess multiple imput
ation models by posterior predictive checking.aux"'.

LaTeX Font Info:    Checking defaults for OML/cmm/m/it on input line 30.
LaTeX Font Info:    ... okay on input line 30.
LaTeX Font Info:    Checking defaults for OMS/cmsy/m/n on input line 30.
LaTeX Font Info:    ... okay on input line 30.
LaTeX Font Info:    Checking defaults for OT1/cmr/m/n on input line 30.
LaTeX Font Info:    ... okay on input line 30.
LaTeX Font Info:    Checking defaults for T1/cmr/m/n on input line 30.
LaTeX Font Info:    ... okay on input line 30.
LaTeX Font Info:    Checking defaults for TS1/cmr/m/n on input line 30.
LaTeX Font Info:    ... okay on input line 30.
LaTeX Font Info:    Checking defaults for OMX/cmex/m/n on input line 30.
LaTeX Font Info:    ... okay on input line 30.
LaTeX Font Info:    Checking defaults for U/cmr/m/n on input line 30.
LaTeX Font Info:    ... okay on input line 30.

(C:\Users\mingyang\AppData\Local\Programs\MiKTeX\tex/context/base/mkii\supp-pdf
.mkii
[Loading MPS to PDF converter (version 2006.09.02).]
\scratchcounter=\count288
\scratchdimen=\dimen170
\scratchbox=\box56
\nofMPsegments=\count289
\nofMParguments=\count290
\everyMPshowfont=\toks31
\MPscratchCnt=\count291
\MPscratchDim=\dimen171
\MPnumerator=\count292
\makeMPintoPDFobject=\count293
\everyMPtoPDFconversion=\toks32
)
\c@maskedRefs=\count294

(C:\Users\mingyang\AppData\Local\Programs\MiKTeX\tex/latex/apacite\english.apc
File: english.apc 2013/07/21 v6.03 apacite language file
LaTeX Info: Redefining \BPBI on input line 129.
LaTeX Info: Redefining \BHBI on input line 130.
)
\c@lstlisting=\count295
LaTeX Font Info:    Trying to load font information for U+lasy on input line 34
.
(C:\Users\mingyang\AppData\Local\Programs\MiKTeX\tex/latex/base\ulasy.fd
File: ulasy.fd 1998/08/17 v2.2e LaTeX symbol font definitions
)
LaTeX Font Info:    Trying to load font information for U+msa on input line 34.


(C:\Users\mingyang\AppData\Local\Programs\MiKTeX\tex/latex/amsfonts\umsa.fd
File: umsa.fd 2013/01/14 v3.01 AMS symbols A
)
LaTeX Font Info:    Trying to load font information for U+msb on input line 34.


(C:\Users\mingyang\AppData\Local\Programs\MiKTeX\tex/latex/amsfonts\umsb.fd
File: umsb.fd 2013/01/14 v3.01 AMS symbols B
)
LaTeX Font Info:    Font shape `U/lasy/b/n' in size <7> not available
(Font)              Font shape `U/lasy/m/n' tried instead on input line 34.

[1

{C:/Users/mingyang/AppData/Local/MiKTeX/pdftex/config/pdftex.map}] [2]
[3] [4]
LaTeX Font Info:    Font shape `U/lasy/b/n' in size <8> not available
(Font)              Font shape `U/lasy/m/n' tried instead on input line 71.
LaTeX Font Info:    Font shape `U/lasy/b/n' in size <6> not available
(Font)              Font shape `U/lasy/m/n' tried instead on input line 71.
 [5] [6]
Overfull \hbox (8.35838pt too wide) in paragraph at lines 93--94
\OT1/cmr/m/n/12 con-sists of the ob-served data $\OML/cmm/m/it/12 y[]$ \OT1/cmr
/m/n/12 and the miss-ing data $\OML/cmm/m/it/12 y[]$ \OT1/cmr/m/n/12 ($\OML/cmm
/m/it/12 y[] \OT1/cmr/m/n/12 = (\OML/cmm/m/it/12 y[]; y[]\OT1/cmr/m/n/12 )$).
 []

[7] [8] [9]
LaTeX Font Info:    Font shape `OT1/cmtt/bx/n' in size <17.28> not available
(Font)              Font shape `OT1/cmtt/m/n' tried instead on input line 139.

Overfull \hbox (18.85663pt too wide) in paragraph at lines 140--141
\OT1/cmr/m/n/12 puted val-ues of vari-able $\OML/cmm/m/it/12 Y[]$ \OT1/cmr/m/n/
12 at it-er-a-tion $\OML/cmm/m/it/12 t$ \OT1/cmr/m/n/12 and $\OML/cmm/m/it/12 Y
[] \OT1/cmr/m/n/12 = (\OML/cmm/m/it/12 Y[]; [] ; Y[]; Y[]; [] ; Y[]\OT1/cmr/m/n
/12 )$.
 []

[10]
<plots/miflow.png, id=46, 1328.965pt x 800.9925pt>
File: plots/miflow.png Graphic file (type png)
<use plots/miflow.png>
Package pdftex.def Info: plots/miflow.png  used on input line 152.
(pdftex.def)             Requested size: 265.78828pt x 160.19566pt.
 [11 <./plots/miflow.png>]
LaTeX Font Info:    Trying to load font information for TS1+cmtt on input line 
163.

(C:\Users\mingyang\AppData\Local\Programs\MiKTeX\tex/latex/base\ts1cmtt.fd
File: ts1cmtt.fd 2019/12/16 v2.5j Standard LaTeX font definitions
)
[12]
Overfull \hbox (10.11292pt too wide) in paragraph at lines 178--179
[][][][][][][][][][][][][][][][][][][][][][][][][][][][][][][] 
 []

[13] [14] [15] [16] [17] [18] [19] [20] [21] [22] [23] [24] [25] [26] [27]
[28] [29]
(Graphical and numerical diagnostic tools to assess multiple imputation models 
by posterior predictive checking.bbl [30] [31] [32]) [33]
Overfull \hbox (91.98056pt too wide) in paragraph at lines 293--305
[][] 
 []


Overfull \hbox (88.77934pt too wide) in paragraph at lines 365--373
[][] 
 []

<plots/plot6.1.png, id=124, 363.60844pt x 377.91188pt>
File: plots/plot6.1.png Graphic file (type png)
<use plots/plot6.1.png>
Package pdftex.def Info: plots/plot6.1.png  used on input line 389.
(pdftex.def)             Requested size: 181.80377pt x 188.95547pt.
<plots/plot6.2.png, id=125, 363.60844pt x 377.91188pt>
File: plots/plot6.2.png Graphic file (type png)
<use plots/plot6.2.png>
Package pdftex.def Info: plots/plot6.2.png  used on input line 389.
(pdftex.def)             Requested size: 181.80377pt x 188.95547pt.
<plots/plot6.3.png, id=126, 356.83313pt x 377.91188pt>
File: plots/plot6.3.png Graphic file (type png)
<use plots/plot6.3.png>
Package pdftex.def Info: plots/plot6.3.png  used on input line 406.
(pdftex.def)             Requested size: 178.41612pt x 188.95547pt.
<plots/plot6.4.png, id=127, 356.83313pt x 377.91188pt>
File: plots/plot6.4.png Graphic file (type png)
<use plots/plot6.4.png>
Package pdftex.def Info: plots/plot6.4.png  used on input line 406.
(pdftex.def)             Requested size: 178.41612pt x 188.95547pt.
<plots/plot6.5.png, id=128, 356.83313pt x 377.91188pt>
File: plots/plot6.5.png Graphic file (type png)
<use plots/plot6.5.png>
Package pdftex.def Info: plots/plot6.5.png  used on input line 416.
(pdftex.def)             Requested size: 178.41612pt x 188.95547pt.
<plots/plot6.6.png, id=129, 356.83313pt x 377.91188pt>
File: plots/plot6.6.png Graphic file (type png)
<use plots/plot6.6.png>
Package pdftex.def Info: plots/plot6.6.png  used on input line 416.
(pdftex.def)             Requested size: 178.41612pt x 188.95547pt.
<plots/plot6.7.png, id=130, 363.60844pt x 377.91188pt>
File: plots/plot6.7.png Graphic file (type png)
<use plots/plot6.7.png>
Package pdftex.def Info: plots/plot6.7.png  used on input line 433.
(pdftex.def)             Requested size: 181.80377pt x 188.95547pt.
<plots/plot6.8.png, id=131, 363.60844pt x 377.91188pt>
File: plots/plot6.8.png Graphic file (type png)
<use plots/plot6.8.png>
Package pdftex.def Info: plots/plot6.8.png  used on input line 433.
(pdftex.def)             Requested size: 181.80377pt x 188.95547pt.
<plots/plot6.9.png, id=132, 363.60844pt x 377.91188pt>
File: plots/plot6.9.png Graphic file (type png)
<use plots/plot6.9.png>
Package pdftex.def Info: plots/plot6.9.png  used on input line 454.
(pdftex.def)             Requested size: 181.80377pt x 188.95547pt.
<plots/plot6.10.png, id=133, 363.60844pt x 377.91188pt>
File: plots/plot6.10.png Graphic file (type png)
<use plots/plot6.10.png>
Package pdftex.def Info: plots/plot6.10.png  used on input line 454.
(pdftex.def)             Requested size: 181.80377pt x 188.95547pt.
<plots/plot6.11.png, id=134, 363.60844pt x 377.91188pt>
File: plots/plot6.11.png Graphic file (type png)
<use plots/plot6.11.png>
Package pdftex.def Info: plots/plot6.11.png  used on input line 454.
(pdftex.def)             Requested size: 181.80377pt x 188.95547pt.
<plots/plot6.12.png, id=135, 363.60844pt x 377.91188pt>
File: plots/plot6.12.png Graphic file (type png)
<use plots/plot6.12.png>
Package pdftex.def Info: plots/plot6.12.png  used on input line 475.
(pdftex.def)             Requested size: 181.80377pt x 188.95547pt.
<plots/plot6.13.png, id=136, 363.60844pt x 377.91188pt>
File: plots/plot6.13.png Graphic file (type png)
<use plots/plot6.13.png>
Package pdftex.def Info: plots/plot6.13.png  used on input line 475.
(pdftex.def)             Requested size: 181.80377pt x 188.95547pt.
<plots/plot6.14.png, id=137, 363.60844pt x 377.91188pt>
File: plots/plot6.14.png Graphic file (type png)
<use plots/plot6.14.png>
Package pdftex.def Info: plots/plot6.14.png  used on input line 475.
(pdftex.def)             Requested size: 181.80377pt x 188.95547pt.
<plots/plot6.15.png, id=138, 356.83313pt x 377.91188pt>
File: plots/plot6.15.png Graphic file (type png)
<use plots/plot6.15.png>
Package pdftex.def Info: plots/plot6.15.png  used on input line 497.
(pdftex.def)             Requested size: 178.41612pt x 188.95547pt.
<plots/plot6.16.png, id=139, 356.83313pt x 377.91188pt>
File: plots/plot6.16.png Graphic file (type png)
<use plots/plot6.16.png>
Package pdftex.def Info: plots/plot6.16.png  used on input line 497.
(pdftex.def)             Requested size: 178.41612pt x 188.95547pt.
<plots/plot6.17.png, id=140, 356.83313pt x 377.91188pt>
File: plots/plot6.17.png Graphic file (type png)
<use plots/plot6.17.png>
Package pdftex.def Info: plots/plot6.17.png  used on input line 497.
(pdftex.def)             Requested size: 178.41612pt x 188.95547pt.
<plots/plot6.18.png, id=141, 356.83313pt x 377.91188pt>
File: plots/plot6.18.png Graphic file (type png)
<use plots/plot6.18.png>
Package pdftex.def Info: plots/plot6.18.png  used on input line 514.
(pdftex.def)             Requested size: 178.41612pt x 188.95547pt.
LaTeX Font Info:    Font shape `U/lasy/b/n' in size <5> not available
(Font)              Font shape `U/lasy/m/n' tried instead on input line 514.
<plots/plot6.19.png, id=142, 356.83313pt x 377.91188pt>
File: plots/plot6.19.png Graphic file (type png)
<use plots/plot6.19.png>
Package pdftex.def Info: plots/plot6.19.png  used on input line 514.
(pdftex.def)             Requested size: 178.41612pt x 188.95547pt.
<plots/densitycase1.png, id=143, 356.83313pt x 377.91188pt>
File: plots/densitycase1.png Graphic file (type png)
<use plots/densitycase1.png>
Package pdftex.def Info: plots/densitycase1.png  used on input line 525.
(pdftex.def)             Requested size: 117.00119pt x 123.90976pt.
<plots/scattercase1hm.png, id=144, 356.83313pt x 377.91188pt>
File: plots/scattercase1hm.png Graphic file (type png)
<use plots/scattercase1hm.png>
Package pdftex.def Info: plots/scattercase1hm.png  used on input line 526.
(pdftex.def)             Requested size: 117.00119pt x 123.90976pt.
<plots/scattercase1wm.png, id=145, 356.83313pt x 377.91188pt>
File: plots/scattercase1wm.png Graphic file (type png)
<use plots/scattercase1wm.png>
Package pdftex.def Info: plots/scattercase1wm.png  used on input line 527.
(pdftex.def)             Requested size: 117.00119pt x 123.90976pt.
<plots/distributioncase1hm.png, id=146, 363.60844pt x 377.91188pt>
File: plots/distributioncase1hm.png Graphic file (type png)
<use plots/distributioncase1hm.png>
Package pdftex.def Info: plots/distributioncase1hm.png  used on input line 531.

(pdftex.def)             Requested size: 117.00119pt x 121.60318pt.
<plots/distributioncase1wm.png, id=147, 363.60844pt x 377.91188pt>
File: plots/distributioncase1wm.png Graphic file (type png)
<use plots/distributioncase1wm.png>
Package pdftex.def Info: plots/distributioncase1wm.png  used on input line 532.

(pdftex.def)             Requested size: 117.00119pt x 121.60318pt.
<plots/densitycase2.png, id=148, 356.83313pt x 377.91188pt>
File: plots/densitycase2.png Graphic file (type png)
<use plots/densitycase2.png>
Package pdftex.def Info: plots/densitycase2.png  used on input line 543.
(pdftex.def)             Requested size: 117.00119pt x 123.90976pt.
<plots/scattercase2hm.png, id=149, 356.83313pt x 377.91188pt>
File: plots/scattercase2hm.png Graphic file (type png)
<use plots/scattercase2hm.png>
Package pdftex.def Info: plots/scattercase2hm.png  used on input line 544.
(pdftex.def)             Requested size: 117.00119pt x 123.90976pt.
<plots/scattercase2wm.png, id=150, 356.83313pt x 377.91188pt>
File: plots/scattercase2wm.png Graphic file (type png)
<use plots/scattercase2wm.png>
Package pdftex.def Info: plots/scattercase2wm.png  used on input line 545.
(pdftex.def)             Requested size: 117.00119pt x 123.90976pt.
<plots/distributioncase2hm.png, id=151, 363.60844pt x 377.91188pt>
File: plots/distributioncase2hm.png Graphic file (type png)
<use plots/distributioncase2hm.png>
Package pdftex.def Info: plots/distributioncase2hm.png  used on input line 549.

(pdftex.def)             Requested size: 117.00119pt x 121.60318pt.
<plots/distributioncase2wm.png, id=152, 363.60844pt x 377.91188pt>
File: plots/distributioncase2wm.png Graphic file (type png)
<use plots/distributioncase2wm.png>
Package pdftex.def Info: plots/distributioncase2wm.png  used on input line 550.

(pdftex.def)             Requested size: 117.00119pt x 121.60318pt.
<plots/densitycase3.png, id=153, 356.83313pt x 377.91188pt>
File: plots/densitycase3.png Graphic file (type png)
<use plots/densitycase3.png>
Package pdftex.def Info: plots/densitycase3.png  used on input line 560.
(pdftex.def)             Requested size: 117.00119pt x 123.90976pt.
<plots/scattercase3hm.png, id=154, 356.83313pt x 377.91188pt>
File: plots/scattercase3hm.png Graphic file (type png)
<use plots/scattercase3hm.png>
Package pdftex.def Info: plots/scattercase3hm.png  used on input line 561.
(pdftex.def)             Requested size: 117.00119pt x 123.90976pt.
<plots/scattercase3wm.png, id=155, 356.83313pt x 377.91188pt>
File: plots/scattercase3wm.png Graphic file (type png)
<use plots/scattercase3wm.png>
Package pdftex.def Info: plots/scattercase3wm.png  used on input line 562.
(pdftex.def)             Requested size: 117.00119pt x 123.90976pt.
<plots/distributioncase3hm.png, id=156, 363.60844pt x 377.91188pt>
File: plots/distributioncase3hm.png Graphic file (type png)
<use plots/distributioncase3hm.png>
Package pdftex.def Info: plots/distributioncase3hm.png  used on input line 566.

(pdftex.def)             Requested size: 117.00119pt x 121.60318pt.
<plots/distributioncase3wm.png, id=157, 363.60844pt x 377.91188pt>
File: plots/distributioncase3wm.png Graphic file (type png)
<use plots/distributioncase3wm.png>
Package pdftex.def Info: plots/distributioncase3wm.png  used on input line 567.

(pdftex.def)             Requested size: 117.00119pt x 121.60318pt.
<plots/densitycase4.png, id=158, 356.83313pt x 377.91188pt>
File: plots/densitycase4.png Graphic file (type png)
<use plots/densitycase4.png>
Package pdftex.def Info: plots/densitycase4.png  used on input line 578.
(pdftex.def)             Requested size: 117.00119pt x 123.90976pt.
<plots/scattercase4hm.png, id=159, 356.83313pt x 377.91188pt>
File: plots/scattercase4hm.png Graphic file (type png)
<use plots/scattercase4hm.png>
Package pdftex.def Info: plots/scattercase4hm.png  used on input line 579.
(pdftex.def)             Requested size: 117.00119pt x 123.90976pt.
<plots/scattercase4wm.png, id=160, 356.83313pt x 377.91188pt>
File: plots/scattercase4wm.png Graphic file (type png)
<use plots/scattercase4wm.png>
Package pdftex.def Info: plots/scattercase4wm.png  used on input line 580.
(pdftex.def)             Requested size: 117.00119pt x 123.90976pt.
<plots/distributioncase4hm.png, id=161, 363.60844pt x 377.91188pt>
File: plots/distributioncase4hm.png Graphic file (type png)
<use plots/distributioncase4hm.png>
Package pdftex.def Info: plots/distributioncase4hm.png  used on input line 584.

(pdftex.def)             Requested size: 117.00119pt x 121.60318pt.
<plots/distributioncase4wm.png, id=162, 363.60844pt x 377.91188pt>
File: plots/distributioncase4wm.png Graphic file (type png)
<use plots/distributioncase4wm.png>
Package pdftex.def Info: plots/distributioncase4wm.png  used on input line 585.

(pdftex.def)             Requested size: 117.00119pt x 121.60318pt.
[34] [35] [36] [37] [38 <./plots/plot6.1.png> <./plots/plot6.2.png>] [39 <./plo
ts/plot6.3.png> <./plots/plot6.4.png> <./plots/plot6.5.png> <./plots/plot6.6.pn
g>] [40 <./plots/plot6.7.png> <./plots/plot6.8.png>] [41 <./plots/plot6.9.png> 
<./plots/plot6.10.png> <./plots/plot6.11.png>] [42 <./plots/plot6.12.png> <./pl
ots/plot6.13.png> <./plots/plot6.14.png>] [43 <./plots/plot6.15.png> <./plots/p
lot6.16.png> <./plots/plot6.17.png>] [44 <./plots/plot6.18.png> <./plots/plot6.
19.png>] [45 <./plots/densitycase1.png> <./plots/scattercase1hm.png> <./plots/s
cattercase1wm.png> <./plots/distributioncase1hm.png> <./plots/distributioncase1
wm.png>] [46 <./plots/densitycase2.png> <./plots/scattercase2hm.png> <./plots/s
cattercase2wm.png> <./plots/distributioncase2hm.png> <./plots/distributioncase2
wm.png>] [47 <./plots/densitycase3.png> <./plots/scattercase3hm.png> <./plots/s
cattercase3wm.png> <./plots/distributioncase3hm.png> <./plots/distributioncase3
wm.png>] [48 <./plots/densitycase4.png> <./plots/scattercase4hm.png> <./plots/s
cattercase4wm.png> <./plots/distributioncase4hm.png> <./plots/distributioncase4
wm.png>]
(Graphical and numerical diagnostic tools to assess multiple imputation models 
by posterior predictive checking.aux)

LaTeX Warning: There were multiply-defined labels.

 ) 
Here is how much of TeX's memory you used:
 7650 strings out of 478864
 112073 string characters out of 2847238
 631376 words of memory out of 3000000
 25360 multiletter control sequences out of 15000+600000
 422179 words of font info for 102 fonts, out of 8000000 for 9000
 1141 hyphenation exceptions out of 8191
 57i,12n,66p,1846b,1966s stack positions out of 5000i,500n,10000p,200000b,80000s
 <C:\Users\mingyang\AppData\Local\MiKTeX\fonts/pk/ljfour/jknappen/ec/dpi600\t
ctt1095.pk><C:/Users/mingyang/AppData/Local/Programs/MiKTeX/fonts/type1/public/
amsfonts/cm/cmbx10.pfb><C:/Users/mingyang/AppData/Local/Programs/MiKTeX/fonts/t
ype1/public/amsfonts/cm/cmbx12.pfb><C:/Users/mingyang/AppData/Local/Programs/Mi
KTeX/fonts/type1/public/amsfonts/cm/cmex10.pfb><C:/Users/mingyang/AppData/Local
/Programs/MiKTeX/fonts/type1/public/amsfonts/cm/cmmi10.pfb><C:/Users/mingyang/A
ppData/Local/Programs/MiKTeX/fonts/type1/public/amsfonts/cm/cmmi12.pfb><C:/User
s/mingyang/AppData/Local/Programs/MiKTeX/fonts/type1/public/amsfonts/cm/cmmi6.p
fb><C:/Users/mingyang/AppData/Local/Programs/MiKTeX/fonts/type1/public/amsfonts
/cm/cmmi8.pfb><C:/Users/mingyang/AppData/Local/Programs/MiKTeX/fonts/type1/publ
ic/amsfonts/cm/cmr10.pfb><C:/Users/mingyang/AppData/Local/Programs/MiKTeX/fonts
/type1/public/amsfonts/cm/cmr12.pfb><C:/Users/mingyang/AppData/Local/Programs/M
iKTeX/fonts/type1/public/amsfonts/cm/cmr17.pfb><C:/Users/mingyang/AppData/Local
/Programs/MiKTeX/fonts/type1/public/amsfonts/cm/cmr6.pfb><C:/Users/mingyang/App
Data/Local/Programs/MiKTeX/fonts/type1/public/amsfonts/cm/cmr8.pfb><C:/Users/mi
ngyang/AppData/Local/Programs/MiKTeX/fonts/type1/public/amsfonts/cm/cmsy10.pfb>
<C:/Users/mingyang/AppData/Local/Programs/MiKTeX/fonts/type1/public/amsfonts/cm
/cmsy8.pfb><C:/Users/mingyang/AppData/Local/Programs/MiKTeX/fonts/type1/public/
amsfonts/cm/cmti12.pfb><C:/Users/mingyang/AppData/Local/Programs/MiKTeX/fonts/t
ype1/public/amsfonts/cm/cmtt10.pfb><C:/Users/mingyang/AppData/Local/Programs/Mi
KTeX/fonts/type1/public/amsfonts/cm/cmtt12.pfb>
Output written on "Graphical and numerical diagnostic tools to assess multiple 
imputation models by posterior predictive checking.pdf" (48 pages, 821256 bytes
).
PDF statistics:
 326 PDF objects out of 1000 (max. 8388607)
 0 named destinations out of 1000 (max. 500000)
 201 words of extra memory for PDF output out of 10000 (max. 10000000)

